<?xml version="1.0" encoding="UTF-8"?>
<testng-results ignored="0" total="2" passed="2" failed="0" skipped="0">
  <reporter-output>
  </reporter-output>
  <suite started-at="2022-08-18T10:33:41 ICT" name="Parallel Test Suite" finished-at="2022-08-18T10:33:49 ICT" duration-ms="7693">
    <groups>
    </groups>
    <test started-at="2022-08-18T10:33:41 ICT" name="test-Open Contact Page" finished-at="2022-08-18T10:33:47 ICT" duration-ms="6246">
      <class name="open.OpenContactTests">
        <test-method is-config="true" signature="setUp()[pri:0, instance:open.OpenContactTests@7722c3c3]" started-at="2022-08-18T10:33:41 ICT" name="setUp" finished-at="2022-08-18T10:33:44 ICT" duration-ms="2754" status="PASS">
          <reporter-output>
          </reporter-output>
        </test-method> <!-- setUp -->
        <test-method is-config="true" signature="goHome()[pri:0, instance:open.OpenContactTests@7722c3c3]" started-at="2022-08-18T10:33:44 ICT" name="goHome" finished-at="2022-08-18T10:33:46 ICT" duration-ms="1968" status="PASS">
          <reporter-output>
          </reporter-output>
        </test-method> <!-- goHome -->
        <test-method signature="testOpenContactPage()[pri:0, instance:open.OpenContactTests@7722c3c3]" started-at="2022-08-18T10:33:46 ICT" name="testOpenContactPage" finished-at="2022-08-18T10:33:47 ICT" duration-ms="1286" status="PASS">
          <reporter-output>
          </reporter-output>
        </test-method> <!-- testOpenContactPage -->
        <test-method is-config="true" signature="tearDown()[pri:0, instance:open.OpenContactTests@7722c3c3]" started-at="2022-08-18T10:33:47 ICT" name="tearDown" finished-at="2022-08-18T10:33:47 ICT" duration-ms="186" status="PASS">
          <reporter-output>
          </reporter-output>
        </test-method> <!-- tearDown -->
      </class> <!-- open.OpenContactTests -->
    </test> <!-- test-Open Contact Page -->
    <test started-at="2022-08-18T10:33:41 ICT" name="test-login" finished-at="2022-08-18T10:33:49 ICT" duration-ms="7693">
      <class name="login.LoginTests">
        <test-method is-config="true" signature="setUp()[pri:0, instance:login.LoginTests@13e39c73]" started-at="2022-08-18T10:33:41 ICT" name="setUp" finished-at="2022-08-18T10:33:44 ICT" duration-ms="2754" status="PASS">
          <reporter-output>
          </reporter-output>
        </test-method> <!-- setUp -->
        <test-method is-config="true" signature="goHome()[pri:0, instance:login.LoginTests@13e39c73]" started-at="2022-08-18T10:33:44 ICT" name="goHome" finished-at="2022-08-18T10:33:46 ICT" duration-ms="1968" status="PASS">
          <reporter-output>
          </reporter-output>
        </test-method> <!-- goHome -->
        <test-method signature="testSuccessfullyLogin()[pri:0, instance:login.LoginTests@13e39c73]" started-at="2022-08-18T10:33:46 ICT" name="testSuccessfullyLogin" finished-at="2022-08-18T10:33:49 ICT" duration-ms="2662" status="PASS">
          <reporter-output>
          </reporter-output>
        </test-method> <!-- testSuccessfullyLogin -->
        <test-method is-config="true" signature="tearDown()[pri:0, instance:login.LoginTests@13e39c73]" started-at="2022-08-18T10:33:49 ICT" name="tearDown" finished-at="2022-08-18T10:33:49 ICT" duration-ms="265" status="PASS">
          <reporter-output>
          </reporter-output>
        </test-method> <!-- tearDown -->
      </class> <!-- login.LoginTests -->
    </test> <!-- test-login -->
  </suite> <!-- Parallel Test Suite -->
</testng-results>
